2024-07-13 15:33:54.915 [main] INFO  c.e.xiaoredshu.auth.XiaoredshuAuthApplication - Starting XiaoredshuAuthApplication using Java 17.0.11 with PID 28184 (E:\javacode\dogXiaoHa\small-red-book\smallredbook-auth\target\classes started by 唐子怡 in E:\javacode\dogXiaoHa\small-red-book)
2024-07-13 15:33:54.918 [main] INFO  c.e.xiaoredshu.auth.XiaoredshuAuthApplication - The following 1 profile is active: "dev"
2024-07-13 15:33:55.884 [main] ERROR org.apache.catalina.core.AprLifecycleListener - An incompatible version [1.2.30] of the Apache Tomcat Native library is installed, while Tomcat requires version [1.2.34]
2024-07-13 15:33:56.071 [main] INFO  o.s.boot.web.embedded.tomcat.TomcatWebServer - Tomcat initialized with port(s): 8080 (http)
2024-07-13 15:33:56.081 [main] INFO  org.apache.catalina.core.StandardService - Starting service [Tomcat]
2024-07-13 15:33:56.081 [main] INFO  org.apache.catalina.core.StandardEngine - Starting Servlet engine: [Apache Tomcat/10.1.5]
2024-07-13 15:33:56.165 [main] INFO  o.a.c.core.ContainerBase.[Tomcat].[localhost].[/] - Initializing Spring embedded WebApplicationContext
2024-07-13 15:33:56.165 [main] INFO  o.s.b.w.s.c.ServletWebServerApplicationContext - Root WebApplicationContext: initialization completed in 1199 ms
2024-07-13 15:33:56.549 [main] INFO  c.a.d.s.b.a.DruidDataSourceAutoConfigure - Init DruidDataSource
2024-07-13 15:33:56.785 [main] INFO  com.alibaba.druid.pool.DruidDataSource - {dataSource-1} inited
2024-07-13 15:33:56.795 [main] INFO  o.e.f.b.o.config.ApiOperationLogAutoConfiguration - 进入config
2024-07-13 15:33:57.046 [main] INFO  o.s.boot.web.embedded.tomcat.TomcatWebServer - Tomcat started on port(s): 8080 (http) with context path ''
2024-07-13 15:33:57.052 [main] INFO  c.e.xiaoredshu.auth.XiaoredshuAuthApplication - Started XiaoredshuAuthApplication in 2.622 seconds (process running for 3.66)
2024-07-13 15:35:03.378 [http-nio-8080-exec-1] INFO  o.a.c.core.ContainerBase.[Tomcat].[localhost].[/] - Initializing Spring DispatcherServlet 'dispatcherServlet'
2024-07-13 15:35:03.379 [http-nio-8080-exec-1] INFO  org.springframework.web.servlet.DispatcherServlet - Initializing Servlet 'dispatcherServlet'
2024-07-13 15:35:03.380 [http-nio-8080-exec-1] INFO  org.springframework.web.servlet.DispatcherServlet - Completed initialization in 1 ms
2024-07-13 15:35:03.423 [http-nio-8080-exec-1] ERROR c.e.x.auth.exception.GlobalExceptionHandler - /test2 request error, 
org.springframework.http.converter.HttpMessageNotReadableException: Required request body is missing: public org.example.framework.common.response.Response<com.example.xiaoredshu.auth.domain.dataobject.UserDO> com.example.xiaoredshu.auth.controller.TestController.test2(com.example.xiaoredshu.auth.domain.dataobject.UserDO)
	at org.springframework.web.servlet.mvc.method.annotation.RequestResponseBodyMethodProcessor.readWithMessageConverters(RequestResponseBodyMethodProcessor.java:166)
	at org.springframework.web.servlet.mvc.method.annotation.RequestResponseBodyMethodProcessor.resolveArgument(RequestResponseBodyMethodProcessor.java:136)
	at org.springframework.web.method.support.HandlerMethodArgumentResolverComposite.resolveArgument(HandlerMethodArgumentResolverComposite.java:122)
	at org.springframework.web.method.support.InvocableHandlerMethod.getMethodArgumentValues(InvocableHandlerMethod.java:181)
	at org.springframework.web.method.support.InvocableHandlerMethod.invokeForRequest(InvocableHandlerMethod.java:148)
	at org.springframework.web.servlet.mvc.method.annotation.ServletInvocableHandlerMethod.invokeAndHandle(ServletInvocableHandlerMethod.java:117)
	at org.springframework.web.servlet.mvc.method.annotation.RequestMappingHandlerAdapter.invokeHandlerMethod(RequestMappingHandlerAdapter.java:884)
	at org.springframework.web.servlet.mvc.method.annotation.RequestMappingHandlerAdapter.handleInternal(RequestMappingHandlerAdapter.java:797)
	at org.springframework.web.servlet.mvc.method.AbstractHandlerMethodAdapter.handle(AbstractHandlerMethodAdapter.java:87)
	at org.springframework.web.servlet.DispatcherServlet.doDispatch(DispatcherServlet.java:1080)
	at org.springframework.web.servlet.DispatcherServlet.doService(DispatcherServlet.java:973)
	at org.springframework.web.servlet.FrameworkServlet.processRequest(FrameworkServlet.java:1011)
	at org.springframework.web.servlet.FrameworkServlet.doGet(FrameworkServlet.java:903)
	at jakarta.servlet.http.HttpServlet.service(HttpServlet.java:705)
	at org.springframework.web.servlet.FrameworkServlet.service(FrameworkServlet.java:885)
	at jakarta.servlet.http.HttpServlet.service(HttpServlet.java:814)
	at org.apache.catalina.core.ApplicationFilterChain.internalDoFilter(ApplicationFilterChain.java:223)
	at org.apache.catalina.core.ApplicationFilterChain.doFilter(ApplicationFilterChain.java:158)
	at org.apache.tomcat.websocket.server.WsFilter.doFilter(WsFilter.java:53)
	at org.apache.catalina.core.ApplicationFilterChain.internalDoFilter(ApplicationFilterChain.java:185)
	at org.apache.catalina.core.ApplicationFilterChain.doFilter(ApplicationFilterChain.java:158)
	at com.alibaba.druid.support.jakarta.WebStatFilter.doFilter(WebStatFilter.java:113)
	at org.apache.catalina.core.ApplicationFilterChain.internalDoFilter(ApplicationFilterChain.java:185)
	at org.apache.catalina.core.ApplicationFilterChain.doFilter(ApplicationFilterChain.java:158)
	at org.springframework.web.filter.RequestContextFilter.doFilterInternal(RequestContextFilter.java:100)
	at org.springframework.web.filter.OncePerRequestFilter.doFilter(OncePerRequestFilter.java:116)
	at org.apache.catalina.core.ApplicationFilterChain.internalDoFilter(ApplicationFilterChain.java:185)
	at org.apache.catalina.core.ApplicationFilterChain.doFilter(ApplicationFilterChain.java:158)
	at org.springframework.web.filter.FormContentFilter.doFilterInternal(FormContentFilter.java:93)
	at org.springframework.web.filter.OncePerRequestFilter.doFilter(OncePerRequestFilter.java:116)
	at org.apache.catalina.core.ApplicationFilterChain.internalDoFilter(ApplicationFilterChain.java:185)
	at org.apache.catalina.core.ApplicationFilterChain.doFilter(ApplicationFilterChain.java:158)
	at org.springframework.web.filter.CharacterEncodingFilter.doFilterInternal(CharacterEncodingFilter.java:201)
	at org.springframework.web.filter.OncePerRequestFilter.doFilter(OncePerRequestFilter.java:116)
	at org.apache.catalina.core.ApplicationFilterChain.internalDoFilter(ApplicationFilterChain.java:185)
	at org.apache.catalina.core.ApplicationFilterChain.doFilter(ApplicationFilterChain.java:158)
	at org.apache.catalina.core.StandardWrapperValve.invoke(StandardWrapperValve.java:177)
	at org.apache.catalina.core.StandardContextValve.invoke(StandardContextValve.java:97)
	at org.apache.catalina.authenticator.AuthenticatorBase.invoke(AuthenticatorBase.java:542)
	at org.apache.catalina.core.StandardHostValve.invoke(StandardHostValve.java:119)
	at org.apache.catalina.valves.ErrorReportValve.invoke(ErrorReportValve.java:92)
	at org.apache.catalina.core.StandardEngineValve.invoke(StandardEngineValve.java:78)
	at org.apache.catalina.connector.CoyoteAdapter.service(CoyoteAdapter.java:357)
	at org.apache.coyote.http11.Http11Processor.service(Http11Processor.java:400)
	at org.apache.coyote.AbstractProcessorLight.process(AbstractProcessorLight.java:65)
	at org.apache.coyote.AbstractProtocol$ConnectionHandler.process(AbstractProtocol.java:859)
	at org.apache.tomcat.util.net.NioEndpoint$SocketProcessor.doRun(NioEndpoint.java:1734)
	at org.apache.tomcat.util.net.SocketProcessorBase.run(SocketProcessorBase.java:52)
	at org.apache.tomcat.util.threads.ThreadPoolExecutor.runWorker(ThreadPoolExecutor.java:1191)
	at org.apache.tomcat.util.threads.ThreadPoolExecutor$Worker.run(ThreadPoolExecutor.java:659)
	at org.apache.tomcat.util.threads.TaskThread$WrappingRunnable.run(TaskThread.java:61)
	at java.base/java.lang.Thread.run(Thread.java:842)
2024-07-13 15:35:20.231 [SpringApplicationShutdownHook] INFO  com.alibaba.druid.pool.DruidDataSource - {dataSource-1} closing ...
2024-07-13 15:35:20.238 [SpringApplicationShutdownHook] INFO  com.alibaba.druid.pool.DruidDataSource - {dataSource-1} closed
2024-07-13 15:35:25.022 [main] INFO  c.e.xiaoredshu.auth.XiaoredshuAuthApplication - Starting XiaoredshuAuthApplication using Java 17.0.11 with PID 29676 (E:\javacode\dogXiaoHa\small-red-book\smallredbook-auth\target\classes started by 唐子怡 in E:\javacode\dogXiaoHa\small-red-book)
2024-07-13 15:35:25.023 [main] INFO  c.e.xiaoredshu.auth.XiaoredshuAuthApplication - The following 1 profile is active: "dev"
2024-07-13 15:35:25.767 [main] ERROR org.apache.catalina.core.AprLifecycleListener - An incompatible version [1.2.30] of the Apache Tomcat Native library is installed, while Tomcat requires version [1.2.34]
2024-07-13 15:35:25.924 [main] INFO  o.s.boot.web.embedded.tomcat.TomcatWebServer - Tomcat initialized with port(s): 8080 (http)
2024-07-13 15:35:25.932 [main] INFO  org.apache.catalina.core.StandardService - Starting service [Tomcat]
2024-07-13 15:35:25.933 [main] INFO  org.apache.catalina.core.StandardEngine - Starting Servlet engine: [Apache Tomcat/10.1.5]
2024-07-13 15:35:26.017 [main] INFO  o.a.c.core.ContainerBase.[Tomcat].[localhost].[/] - Initializing Spring embedded WebApplicationContext
2024-07-13 15:35:26.018 [main] INFO  o.s.b.w.s.c.ServletWebServerApplicationContext - Root WebApplicationContext: initialization completed in 959 ms
2024-07-13 15:35:26.365 [main] INFO  c.a.d.s.b.a.DruidDataSourceAutoConfigure - Init DruidDataSource
2024-07-13 15:35:26.553 [main] INFO  com.alibaba.druid.pool.DruidDataSource - {dataSource-1} inited
2024-07-13 15:35:26.564 [main] INFO  o.e.f.b.o.config.ApiOperationLogAutoConfiguration - 进入config
2024-07-13 15:35:26.768 [main] INFO  o.s.boot.web.embedded.tomcat.TomcatWebServer - Tomcat started on port(s): 8080 (http) with context path ''
2024-07-13 15:35:26.774 [main] INFO  c.e.xiaoredshu.auth.XiaoredshuAuthApplication - Started XiaoredshuAuthApplication in 2.21 seconds (process running for 2.807)
2024-07-13 15:35:36.628 [http-nio-8080-exec-1] INFO  o.a.c.core.ContainerBase.[Tomcat].[localhost].[/] - Initializing Spring DispatcherServlet 'dispatcherServlet'
2024-07-13 15:35:36.628 [http-nio-8080-exec-1] INFO  org.springframework.web.servlet.DispatcherServlet - Initializing Servlet 'dispatcherServlet'
2024-07-13 15:35:36.629 [http-nio-8080-exec-1] INFO  org.springframework.web.servlet.DispatcherServlet - Completed initialization in 1 ms
2024-07-13 15:35:36.662 [http-nio-8080-exec-1] ERROR c.e.x.auth.exception.GlobalExceptionHandler - /test2 request error, 
org.springframework.http.converter.HttpMessageNotReadableException: Required request body is missing: public org.example.framework.common.response.Response<com.example.xiaoredshu.auth.domain.dataobject.UserDO> com.example.xiaoredshu.auth.controller.TestController.test2(com.example.xiaoredshu.auth.domain.dataobject.UserDO)
	at org.springframework.web.servlet.mvc.method.annotation.RequestResponseBodyMethodProcessor.readWithMessageConverters(RequestResponseBodyMethodProcessor.java:166)
	at org.springframework.web.servlet.mvc.method.annotation.RequestResponseBodyMethodProcessor.resolveArgument(RequestResponseBodyMethodProcessor.java:136)
	at org.springframework.web.method.support.HandlerMethodArgumentResolverComposite.resolveArgument(HandlerMethodArgumentResolverComposite.java:122)
	at org.springframework.web.method.support.InvocableHandlerMethod.getMethodArgumentValues(InvocableHandlerMethod.java:181)
	at org.springframework.web.method.support.InvocableHandlerMethod.invokeForRequest(InvocableHandlerMethod.java:148)
	at org.springframework.web.servlet.mvc.method.annotation.ServletInvocableHandlerMethod.invokeAndHandle(ServletInvocableHandlerMethod.java:117)
	at org.springframework.web.servlet.mvc.method.annotation.RequestMappingHandlerAdapter.invokeHandlerMethod(RequestMappingHandlerAdapter.java:884)
	at org.springframework.web.servlet.mvc.method.annotation.RequestMappingHandlerAdapter.handleInternal(RequestMappingHandlerAdapter.java:797)
	at org.springframework.web.servlet.mvc.method.AbstractHandlerMethodAdapter.handle(AbstractHandlerMethodAdapter.java:87)
	at org.springframework.web.servlet.DispatcherServlet.doDispatch(DispatcherServlet.java:1080)
	at org.springframework.web.servlet.DispatcherServlet.doService(DispatcherServlet.java:973)
	at org.springframework.web.servlet.FrameworkServlet.processRequest(FrameworkServlet.java:1011)
	at org.springframework.web.servlet.FrameworkServlet.doGet(FrameworkServlet.java:903)
	at jakarta.servlet.http.HttpServlet.service(HttpServlet.java:705)
	at org.springframework.web.servlet.FrameworkServlet.service(FrameworkServlet.java:885)
	at jakarta.servlet.http.HttpServlet.service(HttpServlet.java:814)
	at org.apache.catalina.core.ApplicationFilterChain.internalDoFilter(ApplicationFilterChain.java:223)
	at org.apache.catalina.core.ApplicationFilterChain.doFilter(ApplicationFilterChain.java:158)
	at org.apache.tomcat.websocket.server.WsFilter.doFilter(WsFilter.java:53)
	at org.apache.catalina.core.ApplicationFilterChain.internalDoFilter(ApplicationFilterChain.java:185)
	at org.apache.catalina.core.ApplicationFilterChain.doFilter(ApplicationFilterChain.java:158)
	at com.alibaba.druid.support.jakarta.WebStatFilter.doFilter(WebStatFilter.java:113)
	at org.apache.catalina.core.ApplicationFilterChain.internalDoFilter(ApplicationFilterChain.java:185)
	at org.apache.catalina.core.ApplicationFilterChain.doFilter(ApplicationFilterChain.java:158)
	at org.springframework.web.filter.RequestContextFilter.doFilterInternal(RequestContextFilter.java:100)
	at org.springframework.web.filter.OncePerRequestFilter.doFilter(OncePerRequestFilter.java:116)
	at org.apache.catalina.core.ApplicationFilterChain.internalDoFilter(ApplicationFilterChain.java:185)
	at org.apache.catalina.core.ApplicationFilterChain.doFilter(ApplicationFilterChain.java:158)
	at org.springframework.web.filter.FormContentFilter.doFilterInternal(FormContentFilter.java:93)
	at org.springframework.web.filter.OncePerRequestFilter.doFilter(OncePerRequestFilter.java:116)
	at org.apache.catalina.core.ApplicationFilterChain.internalDoFilter(ApplicationFilterChain.java:185)
	at org.apache.catalina.core.ApplicationFilterChain.doFilter(ApplicationFilterChain.java:158)
	at org.springframework.web.filter.CharacterEncodingFilter.doFilterInternal(CharacterEncodingFilter.java:201)
	at org.springframework.web.filter.OncePerRequestFilter.doFilter(OncePerRequestFilter.java:116)
	at org.apache.catalina.core.ApplicationFilterChain.internalDoFilter(ApplicationFilterChain.java:185)
	at org.apache.catalina.core.ApplicationFilterChain.doFilter(ApplicationFilterChain.java:158)
	at org.apache.catalina.core.StandardWrapperValve.invoke(StandardWrapperValve.java:177)
	at org.apache.catalina.core.StandardContextValve.invoke(StandardContextValve.java:97)
	at org.apache.catalina.authenticator.AuthenticatorBase.invoke(AuthenticatorBase.java:542)
	at org.apache.catalina.core.StandardHostValve.invoke(StandardHostValve.java:119)
	at org.apache.catalina.valves.ErrorReportValve.invoke(ErrorReportValve.java:92)
	at org.apache.catalina.core.StandardEngineValve.invoke(StandardEngineValve.java:78)
	at org.apache.catalina.connector.CoyoteAdapter.service(CoyoteAdapter.java:357)
	at org.apache.coyote.http11.Http11Processor.service(Http11Processor.java:400)
	at org.apache.coyote.AbstractProcessorLight.process(AbstractProcessorLight.java:65)
	at org.apache.coyote.AbstractProtocol$ConnectionHandler.process(AbstractProtocol.java:859)
	at org.apache.tomcat.util.net.NioEndpoint$SocketProcessor.doRun(NioEndpoint.java:1734)
	at org.apache.tomcat.util.net.SocketProcessorBase.run(SocketProcessorBase.java:52)
	at org.apache.tomcat.util.threads.ThreadPoolExecutor.runWorker(ThreadPoolExecutor.java:1191)
	at org.apache.tomcat.util.threads.ThreadPoolExecutor$Worker.run(ThreadPoolExecutor.java:659)
	at org.apache.tomcat.util.threads.TaskThread$WrappingRunnable.run(TaskThread.java:61)
	at java.base/java.lang.Thread.run(Thread.java:842)
2024-07-13 15:36:16.620 [SpringApplicationShutdownHook] INFO  com.alibaba.druid.pool.DruidDataSource - {dataSource-1} closing ...
2024-07-13 15:36:16.626 [SpringApplicationShutdownHook] INFO  com.alibaba.druid.pool.DruidDataSource - {dataSource-1} closed
2024-07-13 15:36:19.877 [main] INFO  c.e.xiaoredshu.auth.XiaoredshuAuthApplication - Starting XiaoredshuAuthApplication using Java 17.0.11 with PID 28652 (E:\javacode\dogXiaoHa\small-red-book\smallredbook-auth\target\classes started by 唐子怡 in E:\javacode\dogXiaoHa\small-red-book)
2024-07-13 15:36:19.879 [main] INFO  c.e.xiaoredshu.auth.XiaoredshuAuthApplication - The following 1 profile is active: "dev"
2024-07-13 15:36:20.594 [main] ERROR org.apache.catalina.core.AprLifecycleListener - An incompatible version [1.2.30] of the Apache Tomcat Native library is installed, while Tomcat requires version [1.2.34]
2024-07-13 15:36:20.748 [main] INFO  o.s.boot.web.embedded.tomcat.TomcatWebServer - Tomcat initialized with port(s): 8080 (http)
2024-07-13 15:36:20.756 [main] INFO  org.apache.catalina.core.StandardService - Starting service [Tomcat]
2024-07-13 15:36:20.757 [main] INFO  org.apache.catalina.core.StandardEngine - Starting Servlet engine: [Apache Tomcat/10.1.5]
2024-07-13 15:36:20.838 [main] INFO  o.a.c.core.ContainerBase.[Tomcat].[localhost].[/] - Initializing Spring embedded WebApplicationContext
2024-07-13 15:36:20.839 [main] INFO  o.s.b.w.s.c.ServletWebServerApplicationContext - Root WebApplicationContext: initialization completed in 926 ms
2024-07-13 15:36:21.182 [main] INFO  c.a.d.s.b.a.DruidDataSourceAutoConfigure - Init DruidDataSource
2024-07-13 15:36:21.373 [main] INFO  com.alibaba.druid.pool.DruidDataSource - {dataSource-1} inited
2024-07-13 15:36:21.383 [main] INFO  o.e.f.b.o.config.ApiOperationLogAutoConfiguration - 进入config
2024-07-13 15:36:21.586 [main] INFO  o.s.boot.web.embedded.tomcat.TomcatWebServer - Tomcat started on port(s): 8080 (http) with context path ''
2024-07-13 15:36:21.593 [main] INFO  c.e.xiaoredshu.auth.XiaoredshuAuthApplication - Started XiaoredshuAuthApplication in 2.134 seconds (process running for 2.687)
2024-07-13 15:36:37.713 [http-nio-8080-exec-1] INFO  o.a.c.core.ContainerBase.[Tomcat].[localhost].[/] - Initializing Spring DispatcherServlet 'dispatcherServlet'
2024-07-13 15:36:37.714 [http-nio-8080-exec-1] INFO  org.springframework.web.servlet.DispatcherServlet - Initializing Servlet 'dispatcherServlet'
2024-07-13 15:36:37.714 [http-nio-8080-exec-1] INFO  org.springframework.web.servlet.DispatcherServlet - Completed initialization in 0 ms
2024-07-13 15:36:37.746 [http-nio-8080-exec-1] INFO  o.e.f.b.operationlog.aspect.ApiOperationLogAspect - ====== 请求开始: [测试接口], 入参: , 请求类: TestController, 请求方法: test =================================== 
2024-07-13 15:36:37.747 [http-nio-8080-exec-1] INFO  c.e.xiaoredshu.auth.controller.TestController - 2024-07-13T15:36:37.747873200
2024-07-13 15:36:37.773 [http-nio-8080-exec-1] INFO  o.e.f.b.operationlog.aspect.ApiOperationLogAspect - ====== 请求结束: [测试接口], 耗时: 3ms, 出参: {"success":true,"message":null,"errorCode":null,"data":"hello 黑大帅"} =================================== 
2024-07-13 15:41:19.358 [SpringApplicationShutdownHook] INFO  com.alibaba.druid.pool.DruidDataSource - {dataSource-1} closing ...
2024-07-13 15:41:19.363 [SpringApplicationShutdownHook] INFO  com.alibaba.druid.pool.DruidDataSource - {dataSource-1} closed
2024-07-13 15:41:25.647 [main] INFO  c.e.xiaoredshu.auth.XiaoredshuAuthApplication - Starting XiaoredshuAuthApplication using Java 17.0.11 with PID 29884 (E:\javacode\dogXiaoHa\small-red-book\smallredbook-auth\target\classes started by 唐子怡 in E:\javacode\dogXiaoHa\small-red-book)
2024-07-13 15:41:25.649 [main] INFO  c.e.xiaoredshu.auth.XiaoredshuAuthApplication - The following 1 profile is active: "dev"
2024-07-13 15:41:26.386 [main] ERROR org.apache.catalina.core.AprLifecycleListener - An incompatible version [1.2.30] of the Apache Tomcat Native library is installed, while Tomcat requires version [1.2.34]
2024-07-13 15:41:26.544 [main] INFO  o.s.boot.web.embedded.tomcat.TomcatWebServer - Tomcat initialized with port(s): 8080 (http)
2024-07-13 15:41:26.551 [main] INFO  org.apache.catalina.core.StandardService - Starting service [Tomcat]
2024-07-13 15:41:26.552 [main] INFO  org.apache.catalina.core.StandardEngine - Starting Servlet engine: [Apache Tomcat/10.1.5]
2024-07-13 15:41:26.633 [main] INFO  o.a.c.core.ContainerBase.[Tomcat].[localhost].[/] - Initializing Spring embedded WebApplicationContext
2024-07-13 15:41:26.635 [main] INFO  o.s.b.w.s.c.ServletWebServerApplicationContext - Root WebApplicationContext: initialization completed in 950 ms
2024-07-13 15:41:26.966 [main] INFO  c.a.d.s.b.a.DruidDataSourceAutoConfigure - Init DruidDataSource
2024-07-13 15:41:27.156 [main] INFO  com.alibaba.druid.pool.DruidDataSource - {dataSource-1} inited
2024-07-13 15:41:27.167 [main] INFO  o.e.f.b.o.config.ApiOperationLogAutoConfiguration - 进入config
2024-07-13 15:41:27.367 [main] INFO  o.s.boot.web.embedded.tomcat.TomcatWebServer - Tomcat started on port(s): 8080 (http) with context path ''
2024-07-13 15:41:27.373 [main] INFO  c.e.xiaoredshu.auth.XiaoredshuAuthApplication - Started XiaoredshuAuthApplication in 2.151 seconds (process running for 2.697)
2024-07-13 15:41:34.221 [http-nio-8080-exec-1] INFO  o.a.c.core.ContainerBase.[Tomcat].[localhost].[/] - Initializing Spring DispatcherServlet 'dispatcherServlet'
2024-07-13 15:41:34.221 [http-nio-8080-exec-1] INFO  org.springframework.web.servlet.DispatcherServlet - Initializing Servlet 'dispatcherServlet'
2024-07-13 15:41:34.222 [http-nio-8080-exec-1] INFO  org.springframework.web.servlet.DispatcherServlet - Completed initialization in 1 ms
2024-07-13 15:41:34.253 [http-nio-8080-exec-1] INFO  o.e.f.b.operationlog.aspect.ApiOperationLogAspect - ====== 请求开始: [测试接口], 入参: , 请求类: TestController, 请求方法: test =================================== 
2024-07-13 15:41:34.254 [http-nio-8080-exec-1] INFO  c.e.xiaoredshu.auth.controller.TestController - 2024-07-13T15:41:34.254107100
2024-07-13 15:41:34.280 [http-nio-8080-exec-1] INFO  o.e.f.b.operationlog.aspect.ApiOperationLogAspect - ====== 请求结束: [测试接口], 耗时: 2ms, 出参: {"success":true,"message":null,"errorCode":null,"data":"hello 黑大帅"} =================================== 
2024-07-13 15:55:50.134 [SpringApplicationShutdownHook] INFO  com.alibaba.druid.pool.DruidDataSource - {dataSource-1} closing ...
2024-07-13 15:55:50.139 [SpringApplicationShutdownHook] INFO  com.alibaba.druid.pool.DruidDataSource - {dataSource-1} closed
2024-07-13 15:55:55.443 [main] INFO  c.e.xiaoredshu.auth.XiaoredshuAuthApplication - Starting XiaoredshuAuthApplication using Java 17.0.11 with PID 29716 (E:\javacode\dogXiaoHa\small-red-book\smallredbook-auth\target\classes started by 唐子怡 in E:\javacode\dogXiaoHa\small-red-book)
2024-07-13 15:55:55.445 [main] INFO  c.e.xiaoredshu.auth.XiaoredshuAuthApplication - The following 1 profile is active: "dev"
2024-07-13 15:55:55.929 [main] WARN  org.mybatis.spring.mapper.ClassPathMapperScanner - No MyBatis mapper was found in '[com.example.xiaoredshu.auth]' package. Please check your configuration.
2024-07-13 15:55:56.225 [main] ERROR org.apache.catalina.core.AprLifecycleListener - An incompatible version [1.2.30] of the Apache Tomcat Native library is installed, while Tomcat requires version [1.2.34]
2024-07-13 15:55:56.390 [main] INFO  o.s.boot.web.embedded.tomcat.TomcatWebServer - Tomcat initialized with port(s): 8080 (http)
2024-07-13 15:55:56.398 [main] INFO  org.apache.catalina.core.StandardService - Starting service [Tomcat]
2024-07-13 15:55:56.398 [main] INFO  org.apache.catalina.core.StandardEngine - Starting Servlet engine: [Apache Tomcat/10.1.5]
2024-07-13 15:55:56.481 [main] INFO  o.a.c.core.ContainerBase.[Tomcat].[localhost].[/] - Initializing Spring embedded WebApplicationContext
2024-07-13 15:55:56.482 [main] INFO  o.s.b.w.s.c.ServletWebServerApplicationContext - Root WebApplicationContext: initialization completed in 1003 ms
2024-07-13 15:55:56.854 [main] INFO  c.a.d.s.b.a.DruidDataSourceAutoConfigure - Init DruidDataSource
2024-07-13 15:55:57.056 [main] INFO  com.alibaba.druid.pool.DruidDataSource - {dataSource-1} inited
2024-07-13 15:55:57.068 [main] INFO  o.e.f.b.o.config.ApiOperationLogAutoConfiguration - 进入config
2024-07-13 15:55:57.287 [main] INFO  o.s.boot.web.embedded.tomcat.TomcatWebServer - Tomcat started on port(s): 8080 (http) with context path ''
2024-07-13 15:55:57.293 [main] INFO  c.e.xiaoredshu.auth.XiaoredshuAuthApplication - Started XiaoredshuAuthApplication in 2.296 seconds (process running for 2.846)
2024-07-13 15:56:39.675 [http-nio-8080-exec-1] INFO  o.a.c.core.ContainerBase.[Tomcat].[localhost].[/] - Initializing Spring DispatcherServlet 'dispatcherServlet'
2024-07-13 15:56:39.675 [http-nio-8080-exec-1] INFO  org.springframework.web.servlet.DispatcherServlet - Initializing Servlet 'dispatcherServlet'
2024-07-13 15:56:39.676 [http-nio-8080-exec-1] INFO  org.springframework.web.servlet.DispatcherServlet - Completed initialization in 1 ms
2024-07-13 15:56:39.699 [http-nio-8080-exec-1] ERROR c.e.x.auth.exception.GlobalExceptionHandler - /user/doLogin request error, 
org.springframework.web.HttpRequestMethodNotSupportedException: Request method 'GET' is not supported
	at org.springframework.web.servlet.mvc.method.RequestMappingInfoHandlerMapping.handleNoMatch(RequestMappingInfoHandlerMapping.java:265)
	at org.springframework.web.servlet.handler.AbstractHandlerMethodMapping.lookupHandlerMethod(AbstractHandlerMethodMapping.java:441)
	at org.springframework.web.servlet.handler.AbstractHandlerMethodMapping.getHandlerInternal(AbstractHandlerMethodMapping.java:382)
	at org.springframework.web.servlet.mvc.method.RequestMappingInfoHandlerMapping.getHandlerInternal(RequestMappingInfoHandlerMapping.java:126)
	at org.springframework.web.servlet.mvc.method.RequestMappingInfoHandlerMapping.getHandlerInternal(RequestMappingInfoHandlerMapping.java:68)
	at org.springframework.web.servlet.handler.AbstractHandlerMapping.getHandler(AbstractHandlerMapping.java:504)
	at org.springframework.web.servlet.DispatcherServlet.getHandler(DispatcherServlet.java:1274)
	at org.springframework.web.servlet.DispatcherServlet.doDispatch(DispatcherServlet.java:1056)
	at org.springframework.web.servlet.DispatcherServlet.doService(DispatcherServlet.java:973)
	at org.springframework.web.servlet.FrameworkServlet.processRequest(FrameworkServlet.java:1011)
	at org.springframework.web.servlet.FrameworkServlet.doGet(FrameworkServlet.java:903)
	at jakarta.servlet.http.HttpServlet.service(HttpServlet.java:527)
	at org.springframework.web.servlet.FrameworkServlet.service(FrameworkServlet.java:885)
	at jakarta.servlet.http.HttpServlet.service(HttpServlet.java:614)
	at org.apache.catalina.core.ApplicationFilterChain.internalDoFilter(ApplicationFilterChain.java:223)
	at org.apache.catalina.core.ApplicationFilterChain.doFilter(ApplicationFilterChain.java:158)
	at org.apache.tomcat.websocket.server.WsFilter.doFilter(WsFilter.java:53)
	at org.apache.catalina.core.ApplicationFilterChain.internalDoFilter(ApplicationFilterChain.java:185)
	at org.apache.catalina.core.ApplicationFilterChain.doFilter(ApplicationFilterChain.java:158)
	at com.alibaba.druid.support.jakarta.WebStatFilter.doFilter(WebStatFilter.java:113)
	at org.apache.catalina.core.ApplicationFilterChain.internalDoFilter(ApplicationFilterChain.java:185)
	at org.apache.catalina.core.ApplicationFilterChain.doFilter(ApplicationFilterChain.java:158)
	at org.springframework.web.filter.RequestContextFilter.doFilterInternal(RequestContextFilter.java:100)
	at org.springframework.web.filter.OncePerRequestFilter.doFilter(OncePerRequestFilter.java:116)
	at org.apache.catalina.core.ApplicationFilterChain.internalDoFilter(ApplicationFilterChain.java:185)
	at org.apache.catalina.core.ApplicationFilterChain.doFilter(ApplicationFilterChain.java:158)
	at cn.dev33.satoken.filter.SaPathCheckFilterForJakartaServlet.doFilter(SaPathCheckFilterForJakartaServlet.java:55)
	at org.apache.catalina.core.ApplicationFilterChain.internalDoFilter(ApplicationFilterChain.java:185)
	at org.apache.catalina.core.ApplicationFilterChain.doFilter(ApplicationFilterChain.java:158)
	at org.springframework.web.filter.FormContentFilter.doFilterInternal(FormContentFilter.java:93)
	at org.springframework.web.filter.OncePerRequestFilter.doFilter(OncePerRequestFilter.java:116)
	at org.apache.catalina.core.ApplicationFilterChain.internalDoFilter(ApplicationFilterChain.java:185)
	at org.apache.catalina.core.ApplicationFilterChain.doFilter(ApplicationFilterChain.java:158)
	at org.springframework.web.filter.CharacterEncodingFilter.doFilterInternal(CharacterEncodingFilter.java:201)
	at org.springframework.web.filter.OncePerRequestFilter.doFilter(OncePerRequestFilter.java:116)
	at org.apache.catalina.core.ApplicationFilterChain.internalDoFilter(ApplicationFilterChain.java:185)
	at org.apache.catalina.core.ApplicationFilterChain.doFilter(ApplicationFilterChain.java:158)
	at org.apache.catalina.core.StandardWrapperValve.invoke(StandardWrapperValve.java:177)
	at org.apache.catalina.core.StandardContextValve.invoke(StandardContextValve.java:97)
	at org.apache.catalina.authenticator.AuthenticatorBase.invoke(AuthenticatorBase.java:542)
	at org.apache.catalina.core.StandardHostValve.invoke(StandardHostValve.java:119)
	at org.apache.catalina.valves.ErrorReportValve.invoke(ErrorReportValve.java:92)
	at org.apache.catalina.core.StandardEngineValve.invoke(StandardEngineValve.java:78)
	at org.apache.catalina.connector.CoyoteAdapter.service(CoyoteAdapter.java:357)
	at org.apache.coyote.http11.Http11Processor.service(Http11Processor.java:400)
	at org.apache.coyote.AbstractProcessorLight.process(AbstractProcessorLight.java:65)
	at org.apache.coyote.AbstractProtocol$ConnectionHandler.process(AbstractProtocol.java:859)
	at org.apache.tomcat.util.net.NioEndpoint$SocketProcessor.doRun(NioEndpoint.java:1734)
	at org.apache.tomcat.util.net.SocketProcessorBase.run(SocketProcessorBase.java:52)
	at org.apache.tomcat.util.threads.ThreadPoolExecutor.runWorker(ThreadPoolExecutor.java:1191)
	at org.apache.tomcat.util.threads.ThreadPoolExecutor$Worker.run(ThreadPoolExecutor.java:659)
	at org.apache.tomcat.util.threads.TaskThread$WrappingRunnable.run(TaskThread.java:61)
	at java.base/java.lang.Thread.run(Thread.java:842)
2024-07-13 15:57:09.491 [SpringApplicationShutdownHook] INFO  com.alibaba.druid.pool.DruidDataSource - {dataSource-1} closing ...
2024-07-13 15:57:09.497 [SpringApplicationShutdownHook] INFO  com.alibaba.druid.pool.DruidDataSource - {dataSource-1} closed
2024-07-13 15:57:13.076 [main] INFO  c.e.xiaoredshu.auth.XiaoredshuAuthApplication - Starting XiaoredshuAuthApplication using Java 17.0.11 with PID 29160 (E:\javacode\dogXiaoHa\small-red-book\smallredbook-auth\target\classes started by 唐子怡 in E:\javacode\dogXiaoHa\small-red-book)
2024-07-13 15:57:13.077 [main] INFO  c.e.xiaoredshu.auth.XiaoredshuAuthApplication - The following 1 profile is active: "dev"
2024-07-13 15:57:13.547 [main] WARN  org.mybatis.spring.mapper.ClassPathMapperScanner - No MyBatis mapper was found in '[com.example.xiaoredshu.auth]' package. Please check your configuration.
2024-07-13 15:57:13.804 [main] ERROR org.apache.catalina.core.AprLifecycleListener - An incompatible version [1.2.30] of the Apache Tomcat Native library is installed, while Tomcat requires version [1.2.34]
2024-07-13 15:57:13.966 [main] INFO  o.s.boot.web.embedded.tomcat.TomcatWebServer - Tomcat initialized with port(s): 8080 (http)
2024-07-13 15:57:13.974 [main] INFO  org.apache.catalina.core.StandardService - Starting service [Tomcat]
2024-07-13 15:57:13.974 [main] INFO  org.apache.catalina.core.StandardEngine - Starting Servlet engine: [Apache Tomcat/10.1.5]
2024-07-13 15:57:14.051 [main] INFO  o.a.c.core.ContainerBase.[Tomcat].[localhost].[/] - Initializing Spring embedded WebApplicationContext
2024-07-13 15:57:14.052 [main] INFO  o.s.b.w.s.c.ServletWebServerApplicationContext - Root WebApplicationContext: initialization completed in 943 ms
2024-07-13 15:57:14.406 [main] INFO  c.a.d.s.b.a.DruidDataSourceAutoConfigure - Init DruidDataSource
2024-07-13 15:57:14.599 [main] INFO  com.alibaba.druid.pool.DruidDataSource - {dataSource-1} inited
2024-07-13 15:57:14.611 [main] INFO  o.e.f.b.o.config.ApiOperationLogAutoConfiguration - 进入config
2024-07-13 15:57:14.817 [main] INFO  o.s.boot.web.embedded.tomcat.TomcatWebServer - Tomcat started on port(s): 8080 (http) with context path ''
2024-07-13 15:57:14.824 [main] INFO  c.e.xiaoredshu.auth.XiaoredshuAuthApplication - Started XiaoredshuAuthApplication in 2.205 seconds (process running for 2.756)
2024-07-13 15:57:54.675 [http-nio-8080-exec-1] INFO  o.a.c.core.ContainerBase.[Tomcat].[localhost].[/] - Initializing Spring DispatcherServlet 'dispatcherServlet'
2024-07-13 15:57:54.675 [http-nio-8080-exec-1] INFO  org.springframework.web.servlet.DispatcherServlet - Initializing Servlet 'dispatcherServlet'
2024-07-13 15:57:54.676 [http-nio-8080-exec-1] INFO  org.springframework.web.servlet.DispatcherServlet - Completed initialization in 0 ms
2024-07-13 15:57:54.708 [http-nio-8080-exec-1] WARN  o.s.core.LocalVariableTableParameterNameDiscoverer - Using deprecated '-debug' fallback for parameter name resolution. Compile the affected code with '-parameters' instead or avoid its introspection: com.example.xiaoredshu.auth.controller.TestController
2024-07-13 20:45:57.130 [SpringApplicationShutdownHook] INFO  com.alibaba.druid.pool.DruidDataSource - {dataSource-1} closing ...
2024-07-13 20:45:57.135 [SpringApplicationShutdownHook] INFO  com.alibaba.druid.pool.DruidDataSource - {dataSource-1} closed
2024-07-13 21:13:04.786 [main] INFO  c.e.xiaoredshu.auth.XiaoredshuAuthApplication - Starting XiaoredshuAuthApplication using Java 17.0.11 with PID 24916 (E:\javacode\dogXiaoHa\small-red-book\smallredbook-auth\target\classes started by 唐子怡 in E:\javacode\dogXiaoHa\small-red-book)
2024-07-13 21:13:04.798 [main] INFO  c.e.xiaoredshu.auth.XiaoredshuAuthApplication - The following 1 profile is active: "dev"
2024-07-13 21:13:05.331 [main] INFO  o.s.d.r.config.RepositoryConfigurationDelegate - Multiple Spring Data modules found, entering strict repository configuration mode
2024-07-13 21:13:05.333 [main] INFO  o.s.d.r.config.RepositoryConfigurationDelegate - Bootstrapping Spring Data Redis repositories in DEFAULT mode.
2024-07-13 21:13:05.354 [main] INFO  o.s.d.r.config.RepositoryConfigurationDelegate - Finished Spring Data repository scanning in 8 ms. Found 0 Redis repository interfaces.
2024-07-13 21:13:05.420 [main] WARN  org.mybatis.spring.mapper.ClassPathMapperScanner - No MyBatis mapper was found in '[com.example.xiaoredshu.auth]' package. Please check your configuration.
2024-07-13 21:13:05.758 [main] ERROR org.apache.catalina.core.AprLifecycleListener - An incompatible version [1.2.30] of the Apache Tomcat Native library is installed, while Tomcat requires version [1.2.34]
2024-07-13 21:13:05.966 [main] INFO  o.s.boot.web.embedded.tomcat.TomcatWebServer - Tomcat initialized with port(s): 8080 (http)
2024-07-13 21:13:05.976 [main] INFO  org.apache.catalina.core.StandardService - Starting service [Tomcat]
2024-07-13 21:13:05.976 [main] INFO  org.apache.catalina.core.StandardEngine - Starting Servlet engine: [Apache Tomcat/10.1.5]
2024-07-13 21:13:06.060 [main] INFO  o.a.c.core.ContainerBase.[Tomcat].[localhost].[/] - Initializing Spring embedded WebApplicationContext
2024-07-13 21:13:06.060 [main] INFO  o.s.b.w.s.c.ServletWebServerApplicationContext - Root WebApplicationContext: initialization completed in 1230 ms
2024-07-13 21:13:06.686 [main] INFO  c.a.d.s.b.a.DruidDataSourceAutoConfigure - Init DruidDataSource
2024-07-13 21:13:06.887 [main] INFO  com.alibaba.druid.pool.DruidDataSource - {dataSource-1} inited
2024-07-13 21:13:06.899 [main] INFO  o.e.f.b.o.config.ApiOperationLogAutoConfiguration - 进入config
2024-07-13 21:13:07.210 [main] INFO  o.s.boot.web.embedded.tomcat.TomcatWebServer - Tomcat started on port(s): 8080 (http) with context path ''
2024-07-13 21:13:07.219 [main] INFO  c.e.xiaoredshu.auth.XiaoredshuAuthApplication - Started XiaoredshuAuthApplication in 2.855 seconds (process running for 3.544)
2024-07-13 21:13:53.941 [http-nio-8080-exec-1] INFO  o.a.c.core.ContainerBase.[Tomcat].[localhost].[/] - Initializing Spring DispatcherServlet 'dispatcherServlet'
2024-07-13 21:13:53.942 [http-nio-8080-exec-1] INFO  org.springframework.web.servlet.DispatcherServlet - Initializing Servlet 'dispatcherServlet'
2024-07-13 21:13:53.942 [http-nio-8080-exec-1] INFO  org.springframework.web.servlet.DispatcherServlet - Completed initialization in 0 ms
2024-07-13 21:13:53.978 [http-nio-8080-exec-1] INFO  o.e.f.b.operationlog.aspect.ApiOperationLogAspect - ====== 请求开始: [测试接口], 入参: , 请求类: TestController, 请求方法: test =================================== 
2024-07-13 21:13:53.979 [http-nio-8080-exec-1] INFO  c.e.xiaoredshu.auth.controller.TestController - 2024-07-13T21:13:53.979904
2024-07-13 21:13:54.010 [http-nio-8080-exec-1] INFO  o.e.f.b.operationlog.aspect.ApiOperationLogAspect - ====== 请求结束: [测试接口], 耗时: 2ms, 出参: {"success":true,"message":null,"errorCode":null,"data":"hello 黑大帅"} =================================== 
2024-07-13 21:14:10.753 [http-nio-8080-exec-3] ERROR c.e.x.auth.exception.GlobalExceptionHandler - /verification/code/send request error, 
org.springframework.web.HttpRequestMethodNotSupportedException: Request method 'GET' is not supported
	at org.springframework.web.servlet.mvc.method.RequestMappingInfoHandlerMapping.handleNoMatch(RequestMappingInfoHandlerMapping.java:265)
	at org.springframework.web.servlet.handler.AbstractHandlerMethodMapping.lookupHandlerMethod(AbstractHandlerMethodMapping.java:441)
	at org.springframework.web.servlet.handler.AbstractHandlerMethodMapping.getHandlerInternal(AbstractHandlerMethodMapping.java:382)
	at org.springframework.web.servlet.mvc.method.RequestMappingInfoHandlerMapping.getHandlerInternal(RequestMappingInfoHandlerMapping.java:126)
	at org.springframework.web.servlet.mvc.method.RequestMappingInfoHandlerMapping.getHandlerInternal(RequestMappingInfoHandlerMapping.java:68)
	at org.springframework.web.servlet.handler.AbstractHandlerMapping.getHandler(AbstractHandlerMapping.java:504)
	at org.springframework.web.servlet.DispatcherServlet.getHandler(DispatcherServlet.java:1274)
	at org.springframework.web.servlet.DispatcherServlet.doDispatch(DispatcherServlet.java:1056)
	at org.springframework.web.servlet.DispatcherServlet.doService(DispatcherServlet.java:973)
	at org.springframework.web.servlet.FrameworkServlet.processRequest(FrameworkServlet.java:1011)
	at org.springframework.web.servlet.FrameworkServlet.doGet(FrameworkServlet.java:903)
	at jakarta.servlet.http.HttpServlet.service(HttpServlet.java:527)
	at org.springframework.web.servlet.FrameworkServlet.service(FrameworkServlet.java:885)
	at jakarta.servlet.http.HttpServlet.service(HttpServlet.java:614)
	at org.apache.catalina.core.ApplicationFilterChain.internalDoFilter(ApplicationFilterChain.java:223)
	at org.apache.catalina.core.ApplicationFilterChain.doFilter(ApplicationFilterChain.java:158)
	at org.apache.tomcat.websocket.server.WsFilter.doFilter(WsFilter.java:53)
	at org.apache.catalina.core.ApplicationFilterChain.internalDoFilter(ApplicationFilterChain.java:185)
	at org.apache.catalina.core.ApplicationFilterChain.doFilter(ApplicationFilterChain.java:158)
	at com.alibaba.druid.support.jakarta.WebStatFilter.doFilter(WebStatFilter.java:113)
	at org.apache.catalina.core.ApplicationFilterChain.internalDoFilter(ApplicationFilterChain.java:185)
	at org.apache.catalina.core.ApplicationFilterChain.doFilter(ApplicationFilterChain.java:158)
	at org.springframework.web.filter.RequestContextFilter.doFilterInternal(RequestContextFilter.java:100)
	at org.springframework.web.filter.OncePerRequestFilter.doFilter(OncePerRequestFilter.java:116)
	at org.apache.catalina.core.ApplicationFilterChain.internalDoFilter(ApplicationFilterChain.java:185)
	at org.apache.catalina.core.ApplicationFilterChain.doFilter(ApplicationFilterChain.java:158)
	at cn.dev33.satoken.filter.SaPathCheckFilterForJakartaServlet.doFilter(SaPathCheckFilterForJakartaServlet.java:55)
	at org.apache.catalina.core.ApplicationFilterChain.internalDoFilter(ApplicationFilterChain.java:185)
	at org.apache.catalina.core.ApplicationFilterChain.doFilter(ApplicationFilterChain.java:158)
	at org.springframework.web.filter.FormContentFilter.doFilterInternal(FormContentFilter.java:93)
	at org.springframework.web.filter.OncePerRequestFilter.doFilter(OncePerRequestFilter.java:116)
	at org.apache.catalina.core.ApplicationFilterChain.internalDoFilter(ApplicationFilterChain.java:185)
	at org.apache.catalina.core.ApplicationFilterChain.doFilter(ApplicationFilterChain.java:158)
	at org.springframework.web.filter.CharacterEncodingFilter.doFilterInternal(CharacterEncodingFilter.java:201)
	at org.springframework.web.filter.OncePerRequestFilter.doFilter(OncePerRequestFilter.java:116)
	at org.apache.catalina.core.ApplicationFilterChain.internalDoFilter(ApplicationFilterChain.java:185)
	at org.apache.catalina.core.ApplicationFilterChain.doFilter(ApplicationFilterChain.java:158)
	at org.apache.catalina.core.StandardWrapperValve.invoke(StandardWrapperValve.java:177)
	at org.apache.catalina.core.StandardContextValve.invoke(StandardContextValve.java:97)
	at org.apache.catalina.authenticator.AuthenticatorBase.invoke(AuthenticatorBase.java:542)
	at org.apache.catalina.core.StandardHostValve.invoke(StandardHostValve.java:119)
	at org.apache.catalina.valves.ErrorReportValve.invoke(ErrorReportValve.java:92)
	at org.apache.catalina.core.StandardEngineValve.invoke(StandardEngineValve.java:78)
	at org.apache.catalina.connector.CoyoteAdapter.service(CoyoteAdapter.java:357)
	at org.apache.coyote.http11.Http11Processor.service(Http11Processor.java:400)
	at org.apache.coyote.AbstractProcessorLight.process(AbstractProcessorLight.java:65)
	at org.apache.coyote.AbstractProtocol$ConnectionHandler.process(AbstractProtocol.java:859)
	at org.apache.tomcat.util.net.NioEndpoint$SocketProcessor.doRun(NioEndpoint.java:1734)
	at org.apache.tomcat.util.net.SocketProcessorBase.run(SocketProcessorBase.java:52)
	at org.apache.tomcat.util.threads.ThreadPoolExecutor.runWorker(ThreadPoolExecutor.java:1191)
	at org.apache.tomcat.util.threads.ThreadPoolExecutor$Worker.run(ThreadPoolExecutor.java:659)
	at org.apache.tomcat.util.threads.TaskThread$WrappingRunnable.run(TaskThread.java:61)
	at java.base/java.lang.Thread.run(Thread.java:842)
2024-07-13 21:16:51.038 [http-nio-8080-exec-7] INFO  c.e.x.auth.exception.GlobalExceptionHandler - http://localhost:8080/verification/code/send request fail ,errorCode:AUTH-20000 , errorMessage:请求太频繁，请3分钟后再试
2024-07-13 21:18:53.352 [SpringApplicationShutdownHook] INFO  com.alibaba.druid.pool.DruidDataSource - {dataSource-1} closing ...
2024-07-13 21:18:53.358 [SpringApplicationShutdownHook] INFO  com.alibaba.druid.pool.DruidDataSource - {dataSource-1} closed
2024-07-13 21:18:57.270 [main] INFO  c.e.xiaoredshu.auth.XiaoredshuAuthApplication - Starting XiaoredshuAuthApplication using Java 17.0.11 with PID 1944 (E:\javacode\dogXiaoHa\small-red-book\smallredbook-auth\target\classes started by 唐子怡 in E:\javacode\dogXiaoHa\small-red-book)
2024-07-13 21:18:57.271 [main] INFO  c.e.xiaoredshu.auth.XiaoredshuAuthApplication - The following 1 profile is active: "dev"
2024-07-13 21:18:57.763 [main] INFO  o.s.d.r.config.RepositoryConfigurationDelegate - Multiple Spring Data modules found, entering strict repository configuration mode
2024-07-13 21:18:57.766 [main] INFO  o.s.d.r.config.RepositoryConfigurationDelegate - Bootstrapping Spring Data Redis repositories in DEFAULT mode.
2024-07-13 21:18:57.784 [main] INFO  o.s.d.r.config.RepositoryConfigurationDelegate - Finished Spring Data repository scanning in 7 ms. Found 0 Redis repository interfaces.
2024-07-13 21:18:57.852 [main] WARN  org.mybatis.spring.mapper.ClassPathMapperScanner - No MyBatis mapper was found in '[com.example.xiaoredshu.auth]' package. Please check your configuration.
2024-07-13 21:18:58.184 [main] ERROR org.apache.catalina.core.AprLifecycleListener - An incompatible version [1.2.30] of the Apache Tomcat Native library is installed, while Tomcat requires version [1.2.34]
2024-07-13 21:18:58.343 [main] INFO  o.s.boot.web.embedded.tomcat.TomcatWebServer - Tomcat initialized with port(s): 8080 (http)
2024-07-13 21:18:58.354 [main] INFO  org.apache.catalina.core.StandardService - Starting service [Tomcat]
2024-07-13 21:18:58.354 [main] INFO  org.apache.catalina.core.StandardEngine - Starting Servlet engine: [Apache Tomcat/10.1.5]
2024-07-13 21:18:58.430 [main] INFO  o.a.c.core.ContainerBase.[Tomcat].[localhost].[/] - Initializing Spring embedded WebApplicationContext
2024-07-13 21:18:58.431 [main] INFO  o.s.b.w.s.c.ServletWebServerApplicationContext - Root WebApplicationContext: initialization completed in 1126 ms
2024-07-13 21:18:59.033 [main] INFO  c.a.d.s.b.a.DruidDataSourceAutoConfigure - Init DruidDataSource
2024-07-13 21:18:59.226 [main] INFO  com.alibaba.druid.pool.DruidDataSource - {dataSource-1} inited
2024-07-13 21:18:59.236 [main] INFO  o.e.f.b.o.config.ApiOperationLogAutoConfiguration - 进入config
2024-07-13 21:18:59.480 [main] INFO  o.s.boot.web.embedded.tomcat.TomcatWebServer - Tomcat started on port(s): 8080 (http) with context path ''
2024-07-13 21:18:59.486 [main] INFO  c.e.xiaoredshu.auth.XiaoredshuAuthApplication - Started XiaoredshuAuthApplication in 2.641 seconds (process running for 3.314)
2024-07-13 21:20:56.459 [http-nio-8080-exec-2] INFO  o.a.c.core.ContainerBase.[Tomcat].[localhost].[/] - Initializing Spring DispatcherServlet 'dispatcherServlet'
2024-07-13 21:20:56.459 [http-nio-8080-exec-2] INFO  org.springframework.web.servlet.DispatcherServlet - Initializing Servlet 'dispatcherServlet'
2024-07-13 21:20:56.460 [http-nio-8080-exec-2] INFO  org.springframework.web.servlet.DispatcherServlet - Completed initialization in 0 ms
2024-07-13 21:20:56.590 [http-nio-8080-exec-2] INFO  o.e.f.b.operationlog.aspect.ApiOperationLogAspect - ====== 请求开始: [发送短信验证码], 入参: {"phone":"15908613250"}, 请求类: VerificationCodeController, 请求方法: send =================================== 
2024-07-13 21:22:41.710 [http-nio-8080-exec-2] INFO  c.e.x.auth.exception.GlobalExceptionHandler - http://localhost:8080/verification/code/send request fail ,errorCode:AUTH-20000 , errorMessage:请求太频繁，请3分钟后再试
2024-07-13 21:22:41.819 [SpringApplicationShutdownHook] INFO  com.alibaba.druid.pool.DruidDataSource - {dataSource-1} closing ...
2024-07-13 21:22:41.825 [SpringApplicationShutdownHook] INFO  com.alibaba.druid.pool.DruidDataSource - {dataSource-1} closed
2024-07-13 21:22:45.654 [main] INFO  c.e.xiaoredshu.auth.XiaoredshuAuthApplication - Starting XiaoredshuAuthApplication using Java 17.0.11 with PID 28848 (E:\javacode\dogXiaoHa\small-red-book\smallredbook-auth\target\classes started by 唐子怡 in E:\javacode\dogXiaoHa\small-red-book)
2024-07-13 21:22:45.655 [main] INFO  c.e.xiaoredshu.auth.XiaoredshuAuthApplication - The following 1 profile is active: "dev"
2024-07-13 21:22:46.115 [main] INFO  o.s.d.r.config.RepositoryConfigurationDelegate - Multiple Spring Data modules found, entering strict repository configuration mode
2024-07-13 21:22:46.117 [main] INFO  o.s.d.r.config.RepositoryConfigurationDelegate - Bootstrapping Spring Data Redis repositories in DEFAULT mode.
2024-07-13 21:22:46.135 [main] INFO  o.s.d.r.config.RepositoryConfigurationDelegate - Finished Spring Data repository scanning in 7 ms. Found 0 Redis repository interfaces.
2024-07-13 21:22:46.195 [main] WARN  org.mybatis.spring.mapper.ClassPathMapperScanner - No MyBatis mapper was found in '[com.example.xiaoredshu.auth]' package. Please check your configuration.
2024-07-13 21:22:46.518 [main] ERROR org.apache.catalina.core.AprLifecycleListener - An incompatible version [1.2.30] of the Apache Tomcat Native library is installed, while Tomcat requires version [1.2.34]
2024-07-13 21:22:46.691 [main] INFO  o.s.boot.web.embedded.tomcat.TomcatWebServer - Tomcat initialized with port(s): 8080 (http)
2024-07-13 21:22:46.702 [main] INFO  org.apache.catalina.core.StandardService - Starting service [Tomcat]
2024-07-13 21:22:46.702 [main] INFO  org.apache.catalina.core.StandardEngine - Starting Servlet engine: [Apache Tomcat/10.1.5]
2024-07-13 21:22:46.781 [main] INFO  o.a.c.core.ContainerBase.[Tomcat].[localhost].[/] - Initializing Spring embedded WebApplicationContext
2024-07-13 21:22:46.782 [main] INFO  o.s.b.w.s.c.ServletWebServerApplicationContext - Root WebApplicationContext: initialization completed in 1095 ms
2024-07-13 21:22:47.353 [main] INFO  c.a.d.s.b.a.DruidDataSourceAutoConfigure - Init DruidDataSource
2024-07-13 21:22:47.545 [main] INFO  com.alibaba.druid.pool.DruidDataSource - {dataSource-1} inited
2024-07-13 21:22:47.556 [main] INFO  o.e.f.b.o.config.ApiOperationLogAutoConfiguration - 进入config
2024-07-13 21:22:47.804 [main] INFO  o.s.boot.web.embedded.tomcat.TomcatWebServer - Tomcat started on port(s): 8080 (http) with context path ''
2024-07-13 21:22:47.814 [main] INFO  c.e.xiaoredshu.auth.XiaoredshuAuthApplication - Started XiaoredshuAuthApplication in 2.562 seconds (process running for 3.196)
2024-07-13 21:23:26.278 [SpringApplicationShutdownHook] INFO  com.alibaba.druid.pool.DruidDataSource - {dataSource-1} closing ...
2024-07-13 21:23:26.283 [SpringApplicationShutdownHook] INFO  com.alibaba.druid.pool.DruidDataSource - {dataSource-1} closed
2024-07-13 21:23:28.730 [main] INFO  c.e.xiaoredshu.auth.XiaoredshuAuthApplication - Starting XiaoredshuAuthApplication using Java 17.0.11 with PID 16496 (E:\javacode\dogXiaoHa\small-red-book\smallredbook-auth\target\classes started by 唐子怡 in E:\javacode\dogXiaoHa\small-red-book)
2024-07-13 21:23:28.732 [main] INFO  c.e.xiaoredshu.auth.XiaoredshuAuthApplication - The following 1 profile is active: "dev"
2024-07-13 21:23:29.205 [main] INFO  o.s.d.r.config.RepositoryConfigurationDelegate - Multiple Spring Data modules found, entering strict repository configuration mode
2024-07-13 21:23:29.207 [main] INFO  o.s.d.r.config.RepositoryConfigurationDelegate - Bootstrapping Spring Data Redis repositories in DEFAULT mode.
2024-07-13 21:23:29.225 [main] INFO  o.s.d.r.config.RepositoryConfigurationDelegate - Finished Spring Data repository scanning in 7 ms. Found 0 Redis repository interfaces.
2024-07-13 21:23:29.288 [main] WARN  org.mybatis.spring.mapper.ClassPathMapperScanner - No MyBatis mapper was found in '[com.example.xiaoredshu.auth]' package. Please check your configuration.
2024-07-13 21:23:29.627 [main] ERROR org.apache.catalina.core.AprLifecycleListener - An incompatible version [1.2.30] of the Apache Tomcat Native library is installed, while Tomcat requires version [1.2.34]
2024-07-13 21:23:29.792 [main] INFO  o.s.boot.web.embedded.tomcat.TomcatWebServer - Tomcat initialized with port(s): 8080 (http)
2024-07-13 21:23:29.802 [main] INFO  org.apache.catalina.core.StandardService - Starting service [Tomcat]
2024-07-13 21:23:29.803 [main] INFO  org.apache.catalina.core.StandardEngine - Starting Servlet engine: [Apache Tomcat/10.1.5]
2024-07-13 21:23:29.882 [main] INFO  o.a.c.core.ContainerBase.[Tomcat].[localhost].[/] - Initializing Spring embedded WebApplicationContext
2024-07-13 21:23:29.882 [main] INFO  o.s.b.w.s.c.ServletWebServerApplicationContext - Root WebApplicationContext: initialization completed in 1119 ms
2024-07-13 21:23:30.444 [main] INFO  c.a.d.s.b.a.DruidDataSourceAutoConfigure - Init DruidDataSource
2024-07-13 21:23:30.641 [main] INFO  com.alibaba.druid.pool.DruidDataSource - {dataSource-1} inited
2024-07-13 21:23:30.652 [main] INFO  o.e.f.b.o.config.ApiOperationLogAutoConfiguration - 进入config
2024-07-13 21:23:30.910 [main] INFO  o.s.boot.web.embedded.tomcat.TomcatWebServer - Tomcat started on port(s): 8080 (http) with context path ''
2024-07-13 21:23:30.917 [main] INFO  c.e.xiaoredshu.auth.XiaoredshuAuthApplication - Started XiaoredshuAuthApplication in 2.639 seconds (process running for 3.341)
2024-07-13 21:23:39.392 [http-nio-8080-exec-1] INFO  o.a.c.core.ContainerBase.[Tomcat].[localhost].[/] - Initializing Spring DispatcherServlet 'dispatcherServlet'
2024-07-13 21:23:39.392 [http-nio-8080-exec-1] INFO  org.springframework.web.servlet.DispatcherServlet - Initializing Servlet 'dispatcherServlet'
2024-07-13 21:23:39.393 [http-nio-8080-exec-1] INFO  org.springframework.web.servlet.DispatcherServlet - Completed initialization in 1 ms
2024-07-13 21:23:39.533 [http-nio-8080-exec-1] INFO  o.e.f.b.operationlog.aspect.ApiOperationLogAspect - ====== 请求开始: [发送短信验证码], 入参: {"phone":"15908613250"}, 请求类: VerificationCodeController, 请求方法: send =================================== 
2024-07-13 21:23:50.972 [http-nio-8080-exec-1] INFO  c.e.x.a.service.impl.VerificationCodeServiceImpl - ==> 手机号,15908613250 , 验证码：606538
2024-07-13 21:23:58.478 [http-nio-8080-exec-1] INFO  o.e.f.b.operationlog.aspect.ApiOperationLogAspect - ====== 请求结束: [发送短信验证码], 耗时: 18955ms, 出参: {"success":true,"message":null,"errorCode":null,"data":null} =================================== 
2024-07-13 21:24:27.569 [http-nio-8080-exec-4] INFO  o.e.f.b.operationlog.aspect.ApiOperationLogAspect - ====== 请求开始: [发送短信验证码], 入参: {"phone":"15908613250"}, 请求类: VerificationCodeController, 请求方法: send =================================== 
2024-07-13 21:24:29.981 [http-nio-8080-exec-4] INFO  c.e.x.auth.exception.GlobalExceptionHandler - http://localhost:8080/verification/code/send request fail ,errorCode:AUTH-20000 , errorMessage:请求太频繁，请3分钟后再试
2024-07-13 23:13:48.813 [lettuce-nioEventLoop-4-1] INFO  io.lettuce.core.protocol.CommandHandler - null Unexpected exception during request: java.net.SocketException: Connection reset
java.net.SocketException: Connection reset
	at java.base/sun.nio.ch.SocketChannelImpl.throwConnectionReset(SocketChannelImpl.java:394)
	at java.base/sun.nio.ch.SocketChannelImpl.read(SocketChannelImpl.java:426)
	at io.netty.buffer.PooledByteBuf.setBytes(PooledByteBuf.java:259)
	at io.netty.buffer.AbstractByteBuf.writeBytes(AbstractByteBuf.java:1132)
	at io.netty.channel.socket.nio.NioSocketChannel.doReadBytes(NioSocketChannel.java:357)
	at io.netty.channel.nio.AbstractNioByteChannel$NioByteUnsafe.read(AbstractNioByteChannel.java:151)
	at io.netty.channel.nio.NioEventLoop.processSelectedKey(NioEventLoop.java:788)
	at io.netty.channel.nio.NioEventLoop.processSelectedKeysOptimized(NioEventLoop.java:724)
	at io.netty.channel.nio.NioEventLoop.processSelectedKeys(NioEventLoop.java:650)
	at io.netty.channel.nio.NioEventLoop.run(NioEventLoop.java:562)
	at io.netty.util.concurrent.SingleThreadEventExecutor$4.run(SingleThreadEventExecutor.java:997)
	at io.netty.util.internal.ThreadExecutorMap$2.run(ThreadExecutorMap.java:74)
	at io.netty.util.concurrent.FastThreadLocalRunnable.run(FastThreadLocalRunnable.java:30)
	at java.base/java.lang.Thread.run(Thread.java:842)
2024-07-13 23:13:48.946 [lettuce-eventExecutorLoop-1-4] INFO  io.lettuce.core.protocol.ConnectionWatchdog - Reconnecting, last destination was /127.0.0.1:6379
2024-07-13 23:13:48.965 [lettuce-nioEventLoop-4-2] WARN  io.lettuce.core.protocol.ConnectionWatchdog - Cannot reconnect to [127.0.0.1/<unresolved>:6379]: Connection refused: no further information: /127.0.0.1:6379
2024-07-13 23:13:57.028 [SpringApplicationShutdownHook] INFO  com.alibaba.druid.pool.DruidDataSource - {dataSource-1} closing ...
2024-07-13 23:13:57.029 [SpringApplicationShutdownHook] INFO  com.alibaba.druid.pool.DruidDataSource - {dataSource-1} closed
